 ============================================
 The SPHRAY configuration file has been read 
 The SPHRAY configuration file variables are 
 ============================================
 Verbosity                      2
 
 Do a test scenario?  T
 
 Which test scenario? iliev_test2
 
 Just initialize?  F
 
 Input is in comoving coords?  F
 
 Iso temperature (0.0 = variable temperature):   0.000000000000000E+000
 
 Fix temperature at snapshot values?:  F
 
 Integer Seed for RNG                 837374
 
 Static field simulation time:    500.000000000000     
 
 Static field time unit: myr
 
 
 Input Type (1=Sphray, 2=Gadget Public, 3=Gadget Tiziana)                     1
 
 Path to Snapshot File(s):
 ../../../data/iliev_small_snapshots
 
 Path to Source File(s):
 ../../../data/iliev_small_snapshots
 
 Path to the Spectra file:
 ../data/spectra/thermal1e5.cdf
 
 Path to the impact parameter -> column depth file:
 ../data/column_depth/latmon_b2cd_table.txt
 
 Path to the atomic rates file:
 ../data/atomic_rates/atomic_rates.txt
 
 Particle file base: gadget_glass_L13.2_N64
 Source file base:   test2_sources
 
Starting snapshot number:001
Ending snapshot number:  001
Par Files per snapshot:      1
Source Files per snapshot:         1
 
 
 Ray Scheme : raynum
 Forced Ray Number :  1.000E+06
 Report ray statistics in raystats.dat? F
 Boundry Conditions : vacuum
 Rec Ray Frac Tol   :   0.300000000000000     
 Ray Photon Tol     :   1.000000000000000E-010
 Use On The Spot for Hydrogen? :  T
 Use On The Spot for Helium?   :  T
 Use Case A recombination rates for Hydrogen? : F
 Use Case A recombination rates for Helium?   : F
 Ionization and temperature solver :                     2
 Temperature floor   :    1.00000000000000     
 Temperature ceiling :    1000000000.00000     
 Ionization floor    :   0.000000000000000E+000
 Ionization ceiling  :    1.00000000000000     
 ne background      :   1.000000000000000E-008
 Rays between all particle update:             10000000000
 Recomb ray / src ray:            10000000000
 
 
 Hydrogen Mass Fraction:    1.00000000000000     
 Helium Mass Fraction:   0.000000000000000E+000
 
 
 Output Dir         : ./IT2
 Output File Base   : iliev_test2
 Output Type (1=Sphray, 2=Gadget) :                      2
 Output timing plan : forced
 Number Std Outs    :                      2
 Do Initial Output  :  F
 Ion Frac Out Rays  :                  10000
 ForcedOutFile      : ../../../data/iliev_small_snapshots/test2_output_times.txt
 ForcedUnits        : myr
 Particles Per Tree Cell:                     12
 =====================================
    End SPHRAY Configuration Output   
 =====================================
 
 
